INFO:2024/12/24 19:44:03 C:/Project/MithrasoftExercises/golang/shopping-site/internals/connection.go:22: Connected to postgress client
INFO:2024/12/24 19:44:03 C:/Project/MithrasoftExercises/golang/shopping-site/internals/migration.go:17: Migration Completed
ERROR:2024/12/24 19:44:06 C:/Project/MithrasoftExercises/golang/shopping-site/api/middleware/role_authentication.go:14: role authentication is empty
ERROR:2024/12/24 19:45:23 C:/Project/MithrasoftExercises/golang/shopping-site/api/handlers/authhandler.go:36: violates check constraint
INFO:2024/12/24 19:48:49 C:/Project/MithrasoftExercises/golang/shopping-site/internals/connection.go:22: Connected to postgress client
INFO:2024/12/24 19:48:49 C:/Project/MithrasoftExercises/golang/shopping-site/internals/migration.go:17: Migration Completed
ERROR:2024/12/24 19:48:56 C:/Project/MithrasoftExercises/golang/shopping-site/api/handlers/authhandler.go:36: violates check constraint
ERROR:2024/12/24 20:02:02 C:/Project/MithrasoftExercises/golang/shopping-site/api/middleware/role_authentication.go:14: role authentication is empty
ERROR:2024/12/24 20:02:58 C:/Project/MithrasoftExercises/golang/shopping-site/api/middleware/role_authentication.go:14: role authentication is empty
ERROR:2024/12/24 20:03:48 C:/Project/MithrasoftExercises/golang/shopping-site/api/middleware/role_authentication.go:14: role authentication is empty
INFO:2024/12/24 20:05:30 C:/Project/MithrasoftExercises/golang/shopping-site/internals/connection.go:22: Connected to postgress client
INFO:2024/12/24 20:05:30 C:/Project/MithrasoftExercises/golang/shopping-site/internals/migration.go:17: Migration Completed
ERROR:2024/12/24 20:05:36 C:/Project/MithrasoftExercises/golang/shopping-site/api/middleware/role_authentication.go:15: role authentication is empty
INFO:2024/12/24 20:06:27 C:/Project/MithrasoftExercises/golang/shopping-site/internals/connection.go:22: Connected to postgress client
INFO:2024/12/24 20:06:27 C:/Project/MithrasoftExercises/golang/shopping-site/internals/migration.go:17: Migration Completed
ERROR:2024/12/24 20:06:31 C:/Project/MithrasoftExercises/golang/shopping-site/api/middleware/role_authentication.go:16: role authentication is empty
INFO:2024/12/24 20:09:58 C:/Project/MithrasoftExercises/golang/shopping-site/internals/connection.go:22: Connected to postgress client
INFO:2024/12/24 20:09:59 C:/Project/MithrasoftExercises/golang/shopping-site/internals/migration.go:17: Migration Completed
ERROR:2024/12/24 20:10:05 C:/Project/MithrasoftExercises/golang/shopping-site/api/middleware/role_authentication.go:16: role authentication is empty
INFO:2024/12/24 20:11:19 C:/Project/MithrasoftExercises/golang/shopping-site/internals/connection.go:22: Connected to postgress client
INFO:2024/12/24 20:11:19 C:/Project/MithrasoftExercises/golang/shopping-site/internals/migration.go:17: Migration Completed
INFO:2024/12/24 20:15:42 C:/Project/MithrasoftExercises/golang/shopping-site/internals/connection.go:22: Connected to postgress client
INFO:2024/12/24 20:15:42 C:/Project/MithrasoftExercises/golang/shopping-site/internals/migration.go:17: Migration Completed
INFO:2024/12/24 20:16:48 C:/Project/MithrasoftExercises/golang/shopping-site/internals/connection.go:22: Connected to postgress client
INFO:2024/12/24 20:16:48 C:/Project/MithrasoftExercises/golang/shopping-site/internals/migration.go:17: Migration Completed
INFO:2024/12/24 20:20:12 C:/Project/MithrasoftExercises/golang/shopping-site/internals/connection.go:22: Connected to postgress client
INFO:2024/12/24 20:20:12 C:/Project/MithrasoftExercises/golang/shopping-site/internals/migration.go:17: Migration Completed
INFO:2024/12/24 20:29:27 C:/Project/MithrasoftExercises/golang/shopping-site/internals/connection.go:22: Connected to postgress client
INFO:2024/12/24 20:29:27 C:/Project/MithrasoftExercises/golang/shopping-site/internals/migration.go:17: Migration Completed
INFO:2024/12/24 20:34:49 C:/Project/MithrasoftExercises/golang/shopping-site/internals/connection.go:22: Connected to postgress client
INFO:2024/12/24 20:34:49 C:/Project/MithrasoftExercises/golang/shopping-site/internals/migration.go:17: Migration Completed
INFO:2024/12/24 20:43:03 C:/Project/MithrasoftExercises/golang/shopping-site/internals/connection.go:22: Connected to postgress client
INFO:2024/12/24 20:43:03 C:/Project/MithrasoftExercises/golang/shopping-site/internals/migration.go:17: Migration Completed
INFO:2024/12/24 20:52:56 C:/Project/MithrasoftExercises/golang/shopping-site/internals/connection.go:22: Connected to postgress client
INFO:2024/12/24 20:52:56 C:/Project/MithrasoftExercises/golang/shopping-site/internals/migration.go:17: Migration Completed
WARNING:2024/12/24 20:53:03 C:/Project/MithrasoftExercises/golang/shopping-site/api/middleware/auth_token.go:18: Login required to proceed
INFO:2024/12/24 21:05:48 C:/Project/MithrasoftExercises/golang/shopping-site/internals/connection.go:22: Connected to postgress client
INFO:2024/12/24 21:05:48 C:/Project/MithrasoftExercises/golang/shopping-site/internals/migration.go:17: Migration Completed
INFO:2024/12/24 21:07:13 C:/Project/MithrasoftExercises/golang/shopping-site/internals/connection.go:22: Connected to postgress client
INFO:2024/12/24 21:07:13 C:/Project/MithrasoftExercises/golang/shopping-site/internals/migration.go:17: Migration Completed
INFO:2024/12/24 21:09:26 C:/Project/MithrasoftExercises/golang/shopping-site/internals/connection.go:22: Connected to postgress client
INFO:2024/12/24 21:09:26 C:/Project/MithrasoftExercises/golang/shopping-site/internals/migration.go:17: Migration Completed
INFO:2024/12/24 21:10:20 C:/Project/MithrasoftExercises/golang/shopping-site/internals/connection.go:22: Connected to postgress client
INFO:2024/12/24 21:10:20 C:/Project/MithrasoftExercises/golang/shopping-site/internals/migration.go:17: Migration Completed
INFO:2024/12/24 21:28:01 C:/Project/MithrasoftExercises/golang/shopping-site/internals/connection.go:22: Connected to postgress client
INFO:2024/12/24 21:28:01 C:/Project/MithrasoftExercises/golang/shopping-site/internals/migration.go:17: Migration Completed
INFO:2024/12/24 21:30:46 C:/Project/MithrasoftExercises/golang/shopping-site/internals/connection.go:22: Connected to postgress client
INFO:2024/12/24 21:30:46 C:/Project/MithrasoftExercises/golang/shopping-site/internals/migration.go:17: Migration Completed
ERROR:2024/12/24 21:31:55 C:/Project/MithrasoftExercises/golang/shopping-site/api/middleware/role_authentication.go:16: role authentication is empty
INFO:2024/12/24 21:33:06 C:/Project/MithrasoftExercises/golang/shopping-site/internals/connection.go:22: Connected to postgress client
INFO:2024/12/24 21:33:06 C:/Project/MithrasoftExercises/golang/shopping-site/internals/migration.go:17: Migration Completed
INFO:2024/12/24 21:43:17 C:/Project/MithrasoftExercises/golang/shopping-site/internals/connection.go:22: Connected to postgress client
INFO:2024/12/24 21:43:17 C:/Project/MithrasoftExercises/golang/shopping-site/internals/migration.go:17: Migration Completed
INFO:2024/12/24 22:03:40 C:/Project/MithrasoftExercises/golang/shopping-site/internals/connection.go:22: Connected to postgress client
INFO:2024/12/24 22:03:41 C:/Project/MithrasoftExercises/golang/shopping-site/internals/migration.go:17: Migration Completed
ERROR:2024/12/24 22:09:31 C:/Project/MithrasoftExercises/golang/shopping-site/api/middleware/role_authentication.go:32: role authentication is empty
INFO:2024/12/24 22:10:09 C:/Project/MithrasoftExercises/golang/shopping-site/internals/connection.go:22: Connected to postgress client
INFO:2024/12/24 22:10:10 C:/Project/MithrasoftExercises/golang/shopping-site/internals/migration.go:17: Migration Completed
ERROR:2024/12/24 22:10:15 C:/Project/MithrasoftExercises/golang/shopping-site/api/middleware/role_authentication.go:39: insufficient permission
INFO:2024/12/24 22:49:27 C:/Project/MithrasoftExercises/golang/shopping-site/internals/connection.go:22: Connected to postgress client
INFO:2024/12/24 22:49:27 C:/Project/MithrasoftExercises/golang/shopping-site/internals/migration.go:17: Migration Completed
INFO:2024/12/24 22:58:59 C:/Project/MithrasoftExercises/golang/shopping-site/internals/connection.go:22: Connected to postgress client
INFO:2024/12/24 22:58:59 C:/Project/MithrasoftExercises/golang/shopping-site/internals/migration.go:17: Migration Completed
INFO:2024/12/24 22:59:44 C:/Project/MithrasoftExercises/golang/shopping-site/internals/connection.go:22: Connected to postgress client
INFO:2024/12/24 22:59:44 C:/Project/MithrasoftExercises/golang/shopping-site/internals/migration.go:17: Migration Completed
ERROR:2024/12/24 23:00:45 C:/Project/MithrasoftExercises/golang/shopping-site/api/services/merchantservice.go:33: invalid UUID length: 42
INFO:2024/12/24 23:04:38 C:/Project/MithrasoftExercises/golang/shopping-site/internals/connection.go:22: Connected to postgress client
INFO:2024/12/24 23:04:38 C:/Project/MithrasoftExercises/golang/shopping-site/internals/migration.go:17: Migration Completed
INFO:2024/12/24 23:10:25 C:/Project/MithrasoftExercises/golang/shopping-site/internals/connection.go:22: Connected to postgress client
INFO:2024/12/24 23:10:25 C:/Project/MithrasoftExercises/golang/shopping-site/internals/migration.go:17: Migration Completed
ERROR:2024/12/24 23:11:38 C:/Project/MithrasoftExercises/golang/shopping-site/api/services/merchantservice.go:33: invalid UUID length: 42
INFO:2024/12/24 23:14:46 C:/Project/MithrasoftExercises/golang/shopping-site/internals/connection.go:22: Connected to postgress client
INFO:2024/12/24 23:14:46 C:/Project/MithrasoftExercises/golang/shopping-site/internals/migration.go:17: Migration Completed
INFO:2024/12/26 11:06:22 C:/Project/MithrasoftExercises/golang/shopping-site/internals/connection.go:22: Connected to postgress client
FATAL:2024/12/26 11:06:22 C:/Project/MithrasoftExercises/golang/shopping-site/internals/migration.go:14: Error while migrating tables
INFO:2024/12/26 11:07:34 C:/Project/MithrasoftExercises/golang/shopping-site/internals/connection.go:22: Connected to postgress client
INFO:2024/12/26 11:07:34 C:/Project/MithrasoftExercises/golang/shopping-site/internals/migration.go:17: Migration Completed
WARNING:2024/12/26 11:08:07 C:/Project/MithrasoftExercises/golang/shopping-site/api/middleware/auth_token.go:17: Login required to proceed
INFO:2024/12/26 11:10:38 C:/Project/MithrasoftExercises/golang/shopping-site/internals/connection.go:22: Connected to postgress client
INFO:2024/12/26 11:10:39 C:/Project/MithrasoftExercises/golang/shopping-site/internals/migration.go:17: Migration Completed
INFO:2024/12/26 11:16:25 C:/Project/MithrasoftExercises/golang/shopping-site/internals/connection.go:22: Connected to postgress client
INFO:2024/12/26 11:16:25 C:/Project/MithrasoftExercises/golang/shopping-site/internals/migration.go:17: Migration Completed
INFO:2024/12/26 11:17:12 C:/Project/MithrasoftExercises/golang/shopping-site/internals/connection.go:22: Connected to postgress client
INFO:2024/12/26 11:17:12 C:/Project/MithrasoftExercises/golang/shopping-site/internals/migration.go:17: Migration Completed
INFO:2024/12/26 11:19:32 C:/Project/MithrasoftExercises/golang/shopping-site/internals/connection.go:22: Connected to postgress client
INFO:2024/12/26 11:19:33 C:/Project/MithrasoftExercises/golang/shopping-site/internals/migration.go:17: Migration Completed
INFO:2024/12/26 12:13:17 C:/Project/MithrasoftExercises/golang/shopping-site/internals/connection.go:22: Connected to postgress client
INFO:2024/12/26 12:13:17 C:/Project/MithrasoftExercises/golang/shopping-site/internals/migration.go:17: Migration Completed
INFO:2024/12/26 12:17:10 C:/Project/MithrasoftExercises/golang/shopping-site/internals/connection.go:22: Connected to postgress client
INFO:2024/12/26 12:17:10 C:/Project/MithrasoftExercises/golang/shopping-site/internals/migration.go:17: Migration Completed
INFO:2024/12/26 12:17:36 C:/Project/MithrasoftExercises/golang/shopping-site/internals/connection.go:22: Connected to postgress client
INFO:2024/12/26 12:17:36 C:/Project/MithrasoftExercises/golang/shopping-site/internals/migration.go:17: Migration Completed
INFO:2024/12/26 12:20:04 C:/Project/MithrasoftExercises/golang/shopping-site/internals/connection.go:22: Connected to postgress client
INFO:2024/12/26 12:20:04 C:/Project/MithrasoftExercises/golang/shopping-site/internals/migration.go:17: Migration Completed
INFO:2024/12/26 12:21:44 C:/Project/MithrasoftExercises/golang/shopping-site/internals/connection.go:22: Connected to postgress client
INFO:2024/12/26 12:21:44 C:/Project/MithrasoftExercises/golang/shopping-site/internals/migration.go:17: Migration Completed
INFO:2024/12/26 12:25:57 C:/Project/MithrasoftExercises/golang/shopping-site/internals/connection.go:22: Connected to postgress client
INFO:2024/12/26 12:25:57 C:/Project/MithrasoftExercises/golang/shopping-site/internals/migration.go:17: Migration Completed
INFO:2024/12/26 12:27:54 C:/Project/MithrasoftExercises/golang/shopping-site/internals/connection.go:22: Connected to postgress client
INFO:2024/12/26 12:27:54 C:/Project/MithrasoftExercises/golang/shopping-site/internals/migration.go:17: Migration Completed
INFO:2024/12/26 12:30:29 C:/Project/MithrasoftExercises/golang/shopping-site/internals/connection.go:22: Connected to postgress client
INFO:2024/12/26 12:30:30 C:/Project/MithrasoftExercises/golang/shopping-site/internals/migration.go:17: Migration Completed
INFO:2024/12/26 12:35:00 C:/Project/MithrasoftExercises/golang/shopping-site/internals/connection.go:22: Connected to postgress client
INFO:2024/12/26 12:35:00 C:/Project/MithrasoftExercises/golang/shopping-site/internals/migration.go:17: Migration Completed
INFO:2024/12/26 13:05:31 C:/Project/MithrasoftExercises/golang/shopping-site/internals/connection.go:22: Connected to postgress client
INFO:2024/12/26 13:05:31 C:/Project/MithrasoftExercises/golang/shopping-site/internals/migration.go:17: Migration Completed
WARNING:2024/12/26 13:08:22 C:/Project/MithrasoftExercises/golang/shopping-site/api/middleware/auth_token.go:33: token has invalid claims: token is expired
WARNING:2024/12/26 13:09:05 C:/Project/MithrasoftExercises/golang/shopping-site/api/middleware/auth_token.go:33: token has invalid claims: token is expired
INFO:2024/12/26 13:14:47 C:/Project/MithrasoftExercises/golang/shopping-site/internals/connection.go:22: Connected to postgress client
INFO:2024/12/26 13:14:47 C:/Project/MithrasoftExercises/golang/shopping-site/internals/migration.go:17: Migration Completed
INFO:2024/12/26 13:15:53 C:/Project/MithrasoftExercises/golang/shopping-site/internals/connection.go:22: Connected to postgress client
INFO:2024/12/26 13:15:53 C:/Project/MithrasoftExercises/golang/shopping-site/internals/migration.go:17: Migration Completed
INFO:2024/12/26 13:18:11 C:/Project/MithrasoftExercises/golang/shopping-site/internals/connection.go:22: Connected to postgress client
INFO:2024/12/26 13:18:11 C:/Project/MithrasoftExercises/golang/shopping-site/internals/migration.go:17: Migration Completed
ERROR:2024/12/26 13:18:50 C:/Project/MithrasoftExercises/golang/shopping-site/api/handlers/authhandler.go:60: user not found
INFO:2024/12/26 13:19:43 C:/Project/MithrasoftExercises/golang/shopping-site/internals/connection.go:22: Connected to postgress client
INFO:2024/12/26 13:19:43 C:/Project/MithrasoftExercises/golang/shopping-site/internals/migration.go:17: Migration Completed
INFO:2024/12/26 13:52:43 C:/Project/MithrasoftExercises/golang/shopping-site/internals/connection.go:22: Connected to postgress client
INFO:2024/12/26 13:52:44 C:/Project/MithrasoftExercises/golang/shopping-site/internals/migration.go:17: Migration Completed
WARNING:2024/12/26 13:52:48 C:/Project/MithrasoftExercises/golang/shopping-site/api/services/merchantservice.go:90: Required Address fields should not be empty
WARNING:2024/12/26 13:56:07 C:/Project/MithrasoftExercises/golang/shopping-site/api/services/merchantservice.go:90: Required Address fields should not be empty
INFO:2024/12/26 13:56:52 C:/Project/MithrasoftExercises/golang/shopping-site/internals/connection.go:22: Connected to postgress client
INFO:2024/12/26 13:56:52 C:/Project/MithrasoftExercises/golang/shopping-site/internals/migration.go:17: Migration Completed
WARNING:2024/12/26 13:56:58 C:/Project/MithrasoftExercises/golang/shopping-site/api/services/merchantservice.go:92: Required Address fields should not be empty
INFO:2024/12/26 13:58:14 C:/Project/MithrasoftExercises/golang/shopping-site/internals/connection.go:22: Connected to postgress client
INFO:2024/12/26 13:58:14 C:/Project/MithrasoftExercises/golang/shopping-site/internals/migration.go:17: Migration Completed
WARNING:2024/12/26 13:58:20 C:/Project/MithrasoftExercises/golang/shopping-site/api/services/merchantservice.go:93: Required Address fields should not be empty
INFO:2024/12/26 14:00:42 C:/Project/MithrasoftExercises/golang/shopping-site/internals/connection.go:22: Connected to postgress client
INFO:2024/12/26 14:00:42 C:/Project/MithrasoftExercises/golang/shopping-site/internals/migration.go:17: Migration Completed
INFO:2024/12/26 16:21:57 C:/Project/MithrasoftExercises/golang/shopping-site/internals/connection.go:22: Connected to postgress client
INFO:2024/12/26 16:21:57 C:/Project/MithrasoftExercises/golang/shopping-site/internals/migration.go:17: Migration Completed
WARNING:2024/12/26 16:24:03 C:/Project/MithrasoftExercises/golang/shopping-site/api/middleware/auth_token.go:33: token has invalid claims: token is expired
INFO:2024/12/26 16:25:13 C:/Project/MithrasoftExercises/golang/shopping-site/internals/connection.go:22: Connected to postgress client
INFO:2024/12/26 16:25:13 C:/Project/MithrasoftExercises/golang/shopping-site/internals/migration.go:17: Migration Completed
INFO:2024/12/26 16:33:52 C:/Project/MithrasoftExercises/golang/shopping-site/internals/connection.go:22: Connected to postgress client
INFO:2024/12/26 16:33:52 C:/Project/MithrasoftExercises/golang/shopping-site/internals/migration.go:17: Migration Completed
INFO:2024/12/26 16:36:00 C:/Project/MithrasoftExercises/golang/shopping-site/internals/connection.go:22: Connected to postgress client
INFO:2024/12/26 16:36:00 C:/Project/MithrasoftExercises/golang/shopping-site/internals/migration.go:17: Migration Completed
INFO:2024/12/26 16:37:28 C:/Project/MithrasoftExercises/golang/shopping-site/internals/connection.go:22: Connected to postgress client
INFO:2024/12/26 16:37:28 C:/Project/MithrasoftExercises/golang/shopping-site/internals/migration.go:17: Migration Completed
INFO:2024/12/26 16:38:16 C:/Project/MithrasoftExercises/golang/shopping-site/internals/connection.go:22: Connected to postgress client
INFO:2024/12/26 16:38:17 C:/Project/MithrasoftExercises/golang/shopping-site/internals/migration.go:17: Migration Completed
INFO:2024/12/26 16:40:45 C:/Project/MithrasoftExercises/golang/shopping-site/internals/connection.go:22: Connected to postgress client
INFO:2024/12/26 16:40:45 C:/Project/MithrasoftExercises/golang/shopping-site/internals/migration.go:17: Migration Completed
INFO:2024/12/26 16:41:15 C:/Project/MithrasoftExercises/golang/shopping-site/internals/connection.go:22: Connected to postgress client
INFO:2024/12/26 16:41:15 C:/Project/MithrasoftExercises/golang/shopping-site/internals/migration.go:17: Migration Completed
INFO:2024/12/26 16:41:38 C:/Project/MithrasoftExercises/golang/shopping-site/internals/connection.go:22: Connected to postgress client
INFO:2024/12/26 16:41:38 C:/Project/MithrasoftExercises/golang/shopping-site/internals/migration.go:17: Migration Completed
INFO:2024/12/26 16:42:19 C:/Project/MithrasoftExercises/golang/shopping-site/internals/connection.go:22: Connected to postgress client
INFO:2024/12/26 16:42:19 C:/Project/MithrasoftExercises/golang/shopping-site/internals/migration.go:17: Migration Completed
INFO:2024/12/26 16:43:27 C:/Project/MithrasoftExercises/golang/shopping-site/internals/connection.go:22: Connected to postgress client
INFO:2024/12/26 16:43:27 C:/Project/MithrasoftExercises/golang/shopping-site/internals/migration.go:17: Migration Completed
INFO:2024/12/26 16:43:57 C:/Project/MithrasoftExercises/golang/shopping-site/internals/connection.go:22: Connected to postgress client
INFO:2024/12/26 16:43:58 C:/Project/MithrasoftExercises/golang/shopping-site/internals/migration.go:17: Migration Completed
INFO:2024/12/26 16:46:52 C:/Project/MithrasoftExercises/golang/shopping-site/internals/connection.go:22: Connected to postgress client
INFO:2024/12/26 16:46:52 C:/Project/MithrasoftExercises/golang/shopping-site/internals/migration.go:17: Migration Completed
INFO:2024/12/26 16:49:52 C:/Project/MithrasoftExercises/golang/shopping-site/internals/connection.go:22: Connected to postgress client
INFO:2024/12/26 16:49:52 C:/Project/MithrasoftExercises/golang/shopping-site/internals/migration.go:17: Migration Completed
INFO:2024/12/26 16:56:01 C:/Project/MithrasoftExercises/golang/shopping-site/internals/connection.go:22: Connected to postgress client
INFO:2024/12/26 16:56:01 C:/Project/MithrasoftExercises/golang/shopping-site/internals/migration.go:17: Migration Completed
INFO:2024/12/26 16:56:19 C:/Project/MithrasoftExercises/golang/shopping-site/internals/connection.go:22: Connected to postgress client
INFO:2024/12/26 16:56:19 C:/Project/MithrasoftExercises/golang/shopping-site/internals/migration.go:17: Migration Completed
INFO:2024/12/26 16:56:40 C:/Project/MithrasoftExercises/golang/shopping-site/internals/connection.go:22: Connected to postgress client
INFO:2024/12/26 16:56:40 C:/Project/MithrasoftExercises/golang/shopping-site/internals/migration.go:17: Migration Completed
INFO:2024/12/26 17:04:46 C:/Project/MithrasoftExercises/golang/shopping-site/internals/connection.go:22: Connected to postgress client
INFO:2024/12/26 17:04:47 C:/Project/MithrasoftExercises/golang/shopping-site/internals/migration.go:17: Migration Completed
INFO:2024/12/26 17:05:08 C:/Project/MithrasoftExercises/golang/shopping-site/internals/connection.go:22: Connected to postgress client
INFO:2024/12/26 17:05:08 C:/Project/MithrasoftExercises/golang/shopping-site/internals/migration.go:17: Migration Completed
INFO:2024/12/26 17:06:02 C:/Project/MithrasoftExercises/golang/shopping-site/internals/connection.go:22: Connected to postgress client
INFO:2024/12/26 17:06:02 C:/Project/MithrasoftExercises/golang/shopping-site/internals/migration.go:17: Migration Completed
INFO:2024/12/26 17:06:58 C:/Project/MithrasoftExercises/golang/shopping-site/internals/connection.go:22: Connected to postgress client
INFO:2024/12/26 17:06:59 C:/Project/MithrasoftExercises/golang/shopping-site/internals/migration.go:17: Migration Completed
INFO:2024/12/26 17:07:19 C:/Project/MithrasoftExercises/golang/shopping-site/internals/connection.go:22: Connected to postgress client
INFO:2024/12/26 17:07:19 C:/Project/MithrasoftExercises/golang/shopping-site/internals/migration.go:17: Migration Completed
INFO:2024/12/26 17:28:53 C:/Project/MithrasoftExercises/golang/shopping-site/internals/connection.go:22: Connected to postgress client
INFO:2024/12/26 17:28:54 C:/Project/MithrasoftExercises/golang/shopping-site/internals/migration.go:17: Migration Completed
INFO:2024/12/26 17:29:47 C:/Project/MithrasoftExercises/golang/shopping-site/internals/connection.go:22: Connected to postgress client
INFO:2024/12/26 17:29:47 C:/Project/MithrasoftExercises/golang/shopping-site/internals/migration.go:17: Migration Completed
INFO:2024/12/26 17:30:56 C:/Project/MithrasoftExercises/golang/shopping-site/internals/connection.go:22: Connected to postgress client
INFO:2024/12/26 17:30:56 C:/Project/MithrasoftExercises/golang/shopping-site/internals/migration.go:17: Migration Completed
INFO:2024/12/26 17:50:16 C:/Project/MithrasoftExercises/golang/shopping-site/internals/connection.go:22: Connected to postgress client
INFO:2024/12/26 17:50:16 C:/Project/MithrasoftExercises/golang/shopping-site/internals/migration.go:17: Migration Completed
INFO:2024/12/26 18:39:30 C:/Project/MithrasoftExercises/golang/shopping-site/internals/connection.go:22: Connected to postgress client
FATAL:2024/12/26 18:39:30 C:/Project/MithrasoftExercises/golang/shopping-site/internals/migration.go:14: Error while migrating tables
INFO:2024/12/26 18:40:07 C:/Project/MithrasoftExercises/golang/shopping-site/internals/connection.go:22: Connected to postgress client
INFO:2024/12/26 18:40:07 C:/Project/MithrasoftExercises/golang/shopping-site/internals/migration.go:17: Migration Completed
WARNING:2024/12/26 18:40:25 C:/Project/MithrasoftExercises/golang/shopping-site/api/middleware/auth_token.go:33: token has invalid claims: token is expired
INFO:2024/12/26 18:42:54 C:/Project/MithrasoftExercises/golang/shopping-site/internals/connection.go:22: Connected to postgress client
INFO:2024/12/26 18:42:54 C:/Project/MithrasoftExercises/golang/shopping-site/internals/migration.go:17: Migration Completed
INFO:2024/12/26 18:45:00 C:/Project/MithrasoftExercises/golang/shopping-site/internals/connection.go:22: Connected to postgress client
INFO:2024/12/26 18:45:00 C:/Project/MithrasoftExercises/golang/shopping-site/internals/migration.go:17: Migration Completed
INFO:2024/12/26 18:47:12 C:/Project/MithrasoftExercises/golang/shopping-site/internals/connection.go:22: Connected to postgress client
INFO:2024/12/26 18:47:12 C:/Project/MithrasoftExercises/golang/shopping-site/internals/migration.go:17: Migration Completed
INFO:2024/12/26 18:47:55 C:/Project/MithrasoftExercises/golang/shopping-site/internals/connection.go:22: Connected to postgress client
INFO:2024/12/26 18:47:55 C:/Project/MithrasoftExercises/golang/shopping-site/internals/migration.go:17: Migration Completed
INFO:2024/12/26 18:49:56 C:/Project/MithrasoftExercises/golang/shopping-site/internals/connection.go:22: Connected to postgress client
INFO:2024/12/26 18:49:56 C:/Project/MithrasoftExercises/golang/shopping-site/internals/migration.go:17: Migration Completed
INFO:2024/12/26 18:50:25 C:/Project/MithrasoftExercises/golang/shopping-site/internals/connection.go:22: Connected to postgress client
INFO:2024/12/26 18:50:25 C:/Project/MithrasoftExercises/golang/shopping-site/internals/migration.go:17: Migration Completed
INFO:2024/12/26 18:51:00 C:/Project/MithrasoftExercises/golang/shopping-site/internals/connection.go:22: Connected to postgress client
INFO:2024/12/26 18:51:00 C:/Project/MithrasoftExercises/golang/shopping-site/internals/migration.go:17: Migration Completed
INFO:2024/12/26 18:54:48 C:/Project/MithrasoftExercises/golang/shopping-site/internals/connection.go:22: Connected to postgress client
INFO:2024/12/26 18:54:48 C:/Project/MithrasoftExercises/golang/shopping-site/internals/migration.go:17: Migration Completed
INFO:2024/12/26 18:56:15 C:/Project/MithrasoftExercises/golang/shopping-site/internals/connection.go:22: Connected to postgress client
INFO:2024/12/26 18:56:15 C:/Project/MithrasoftExercises/golang/shopping-site/internals/migration.go:17: Migration Completed
INFO:2024/12/26 18:58:06 C:/Project/MithrasoftExercises/golang/shopping-site/internals/connection.go:22: Connected to postgress client
INFO:2024/12/26 18:58:06 C:/Project/MithrasoftExercises/golang/shopping-site/internals/migration.go:17: Migration Completed
INFO:2024/12/26 18:59:22 C:/Project/MithrasoftExercises/golang/shopping-site/internals/connection.go:22: Connected to postgress client
INFO:2024/12/26 18:59:22 C:/Project/MithrasoftExercises/golang/shopping-site/internals/migration.go:17: Migration Completed
INFO:2024/12/26 18:59:50 C:/Project/MithrasoftExercises/golang/shopping-site/internals/connection.go:22: Connected to postgress client
INFO:2024/12/26 18:59:50 C:/Project/MithrasoftExercises/golang/shopping-site/internals/migration.go:17: Migration Completed
INFO:2024/12/26 19:00:15 C:/Project/MithrasoftExercises/golang/shopping-site/internals/connection.go:22: Connected to postgress client
INFO:2024/12/26 19:00:15 C:/Project/MithrasoftExercises/golang/shopping-site/internals/migration.go:17: Migration Completed
INFO:2024/12/26 20:12:51 C:/Project/MithrasoftExercises/golang/shopping-site/internals/connection.go:22: Connected to postgress client
INFO:2024/12/26 20:12:51 C:/Project/MithrasoftExercises/golang/shopping-site/internals/migration.go:17: Migration Completed
INFO:2024/12/26 20:13:53 C:/Project/MithrasoftExercises/golang/shopping-site/internals/connection.go:22: Connected to postgress client
INFO:2024/12/26 20:13:53 C:/Project/MithrasoftExercises/golang/shopping-site/internals/migration.go:17: Migration Completed
INFO:2024/12/26 20:15:31 C:/Project/MithrasoftExercises/golang/shopping-site/internals/connection.go:22: Connected to postgress client
INFO:2024/12/26 20:15:32 C:/Project/MithrasoftExercises/golang/shopping-site/internals/migration.go:17: Migration Completed
INFO:2024/12/26 20:16:31 C:/Project/MithrasoftExercises/golang/shopping-site/internals/connection.go:22: Connected to postgress client
INFO:2024/12/26 20:16:32 C:/Project/MithrasoftExercises/golang/shopping-site/internals/migration.go:17: Migration Completed
INFO:2024/12/26 20:16:54 C:/Project/MithrasoftExercises/golang/shopping-site/internals/connection.go:22: Connected to postgress client
INFO:2024/12/26 20:16:54 C:/Project/MithrasoftExercises/golang/shopping-site/internals/migration.go:17: Migration Completed
INFO:2024/12/26 20:34:04 C:/Project/MithrasoftExercises/golang/shopping-site/internals/connection.go:22: Connected to postgress client
INFO:2024/12/26 20:34:05 C:/Project/MithrasoftExercises/golang/shopping-site/internals/migration.go:17: Migration Completed
INFO:2024/12/26 20:34:24 C:/Project/MithrasoftExercises/golang/shopping-site/internals/connection.go:22: Connected to postgress client
INFO:2024/12/26 20:34:24 C:/Project/MithrasoftExercises/golang/shopping-site/internals/migration.go:17: Migration Completed
INFO:2024/12/26 20:38:50 C:/Project/MithrasoftExercises/golang/shopping-site/internals/connection.go:22: Connected to postgress client
INFO:2024/12/26 20:38:50 C:/Project/MithrasoftExercises/golang/shopping-site/internals/migration.go:17: Migration Completed
INFO:2024/12/26 20:39:25 C:/Project/MithrasoftExercises/golang/shopping-site/internals/connection.go:22: Connected to postgress client
INFO:2024/12/26 20:39:25 C:/Project/MithrasoftExercises/golang/shopping-site/internals/migration.go:17: Migration Completed
INFO:2024/12/26 20:39:53 C:/Project/MithrasoftExercises/golang/shopping-site/internals/connection.go:22: Connected to postgress client
INFO:2024/12/26 20:39:53 C:/Project/MithrasoftExercises/golang/shopping-site/internals/migration.go:17: Migration Completed
